<?xml version="1.0" encoding="UTF-8"?>
<TestRun id="09ebdf13-d3ad-4214-ad60-7422e931acc1" name="Usager@G264-10 2014-11-24 13:54:55" runUser="G264-10\Usager" xmlns="http://microsoft.com/schemas/VisualStudio/TeamTest/2010">
  <TestSettings name="Local" id="2bdc9e53-d10a-47ce-b5c1-e3b18e2ff5c4">
    <Description>Il s'agit des paramètres de test par défaut pour une série de tests locale.</Description>
    <Deployment enabled="false" runDeploymentRoot="Usager_G264-10 2014-11-24 13_54_55">
      <DeploymentItem filename="Z:\a14-photo-fun\packages\Microsoft.AspNet.WebPages.2.0.30506.0\lib\net40\System.Web.Helpers.dll" />
      <DeploymentItem filename="Z:\a14-photo-fun\packages\Microsoft.AspNet.WebPages.2.0.30506.0\lib\net40\System.Web.WebPages.dll" />
      <DeploymentItem filename="Z:\a14-photo-fun\packages\Microsoft.AspNet.WebPages.2.0.30506.0\lib\net40\System.Web.WebPages.Deployment.dll" />
      <DeploymentItem filename="Z:\a14-photo-fun\packages\PagedList.1.17.0.0\lib\net40\PagedList.dll" />
      <DeploymentItem filename="Z:\a14-photo-fun\packages\Microsoft.AspNet.Mvc.4.0.30506.0\lib\net40\System.Web.Mvc.dll" />
      <DeploymentItem filename="Z:\a14-photo-fun\PhotoFun\bin\PhotoFun.dll" />
      <DeploymentItem filename="Z:\a14-photo-fun\packages\Microsoft.Web.Infrastructure.1.0.0.0\lib\net40\Microsoft.Web.Infrastructure.dll" />
      <DeploymentItem filename="Z:\a14-photo-fun\packages\Microsoft.AspNet.WebPages.2.0.30506.0\lib\net40\System.Web.WebPages.Razor.dll" />
      <DeploymentItem filename="Z:\a14-photo-fun\packages\Microsoft.AspNet.Razor.2.0.30506.0\lib\net40\System.Web.Razor.dll" />
      <DeploymentItem filename="Z:\a14-photo-fun\packages\PagedList.Mvc.4.5.0.0\lib\net40\PagedList.Mvc.dll" />
    </Deployment>
    <Execution>
      <TestTypeSpecific />
      <AgentRule name="Execution Agents">
      </AgentRule>
    </Execution>
  </TestSettings>
  <Times creation="2014-11-24T13:54:55.4775801-05:00" queuing="2014-11-24T13:54:55.5265829-05:00" start="2014-11-24T13:54:55.5615849-05:00" finish="2014-11-24T13:55:12.5605572-05:00" />
  <ResultSummary outcome="Failed">
    <Counters total="1" executed="1" error="0" failed="1" timeout="0" aborted="0" inconclusive="0" passedButRunAborted="0" notRunnable="0" notExecuted="0" disconnected="0" warning="0" passed="0" completed="0" inProgress="0" pending="0" />
  </ResultSummary>
  <TestDefinitions>
    <UnitTest name="TestControllerPhotoUtil" storage="z:\a14-photo-fun\testphotofun\bin\debug\testphotofun.dll" id="92856652-ef00-3ccb-6352-0b611729f6ba">
      <Execution id="1b9fc390-3286-415e-94af-705c4375b3d5" />
      <TestMethod codeBase="Z:/a14-photo-fun/TestPhotoFun/bin/Debug/TestPhotoFun.DLL" adapterTypeName="Microsoft.VisualStudio.TestTools.TestTypes.Unit.UnitTestAdapter, Microsoft.VisualStudio.QualityTools.Tips.UnitTest.Adapter, Version=10.0.0.0, Culture=neutral, PublicKeyToken=b03f5f7f11d50a3a" className="TestPhotoFun.TestUnitaire, TestPhotoFun, Version=1.0.0.0, Culture=neutral, PublicKeyToken=null" name="TestControllerPhotoUtil" />
    </UnitTest>
  </TestDefinitions>
  <TestLists>
    <TestList name="Les résultats ne figurent pas dans une liste" id="8c84fa94-04c1-424b-9868-57a2d4851a1d" />
    <TestList name="Tous les résultats chargés" id="19431567-8539-422a-85d7-44ee4e166bda" />
  </TestLists>
  <TestEntries>
    <TestEntry testId="92856652-ef00-3ccb-6352-0b611729f6ba" executionId="1b9fc390-3286-415e-94af-705c4375b3d5" testListId="8c84fa94-04c1-424b-9868-57a2d4851a1d" />
  </TestEntries>
  <Results>
    <UnitTestResult executionId="1b9fc390-3286-415e-94af-705c4375b3d5" testId="92856652-ef00-3ccb-6352-0b611729f6ba" testName="TestControllerPhotoUtil" computerName="G264-10" duration="00:00:16.5500805" startTime="2014-11-24T13:54:55.6035873-05:00" endTime="2014-11-24T13:55:12.4745523-05:00" testType="13cdc9d9-ddb5-4fa4-a97d-d965ccfc6d4b" outcome="Failed" testListId="8c84fa94-04c1-424b-9868-57a2d4851a1d" relativeResultsDirectory="1b9fc390-3286-415e-94af-705c4375b3d5">
      <Output>
        <ErrorInfo>
          <Message>Échec de Assert.AreEqual. Attendu : &lt;Utilisateur Inexistant (System.String)&gt;, Réel : &lt;System.Web.Mvc.ViewResult (System.Web.Mvc.ViewResult)&gt;. </Message>
          <StackTrace>   à TestPhotoFun.TestUnitaire.TestControllerPhotoUtil() dans Z:\a14-photo-fun\TestPhotoFun\TestUnitaire.cs:ligne 44
</StackTrace>
        </ErrorInfo>
      </Output>
    </UnitTestResult>
  </Results>
</TestRun>